Arguments: 
  /usr/local/Cellar/node/14.0.0/bin/node /usr/local/Cellar/yarn/1.22.4/libexec/bin/yarn.js install

PATH: 
  /usr/local/opt/mysql-client@5.7/bin:/Users/mpigassou/go/bin:/Users/mpigassou/Code/zendesk/zdi/dockmaster/bin:/Users/mpigassou/.rbenv/shims:/usr/local/bin:~/bin:/Users/mpigassou/Code/zendesk/zendesk_sqid_tools/bin:/usr/local/opt/mysql-client@5.7/bin:/Users/mpigassou/go/bin:/Users/mpigassou/Code/zendesk/zdi/dockmaster/bin:/Users/mpigassou/.rbenv/shims:/usr/local/Caskroom/google-cloud-sdk/latest/google-cloud-sdk/bin:/usr/local/bin:~/bin:/Users/mpigassou/Code/zendesk/zendesk_sqid_tools/bin:/usr/local/bin:/usr/bin:/bin:/usr/sbin:/sbin

Yarn version: 
  1.22.4

Node version: 
  14.0.0

Platform: 
  darwin x64

Trace: 
  Error: https://registry.yarnpkg.com/babel%2fcore: Request "https://registry.yarnpkg.com/babel%2fcore" returned a 405
      at Request.params.callback [as _callback] (/usr/local/Cellar/yarn/1.22.4/libexec/lib/cli.js:66996:18)
      at Request.self.callback (/usr/local/Cellar/yarn/1.22.4/libexec/lib/cli.js:140748:22)
      at Request.emit (events.js:315:20)
      at Request.<anonymous> (/usr/local/Cellar/yarn/1.22.4/libexec/lib/cli.js:141720:10)
      at Request.emit (events.js:315:20)
      at IncomingMessage.<anonymous> (/usr/local/Cellar/yarn/1.22.4/libexec/lib/cli.js:141642:12)
      at Object.onceWrapper (events.js:421:28)
      at IncomingMessage.emit (events.js:327:22)
      at endReadableNT (_stream_readable.js:1218:12)
      at processTicksAndRejections (internal/process/task_queues.js:84:21)

npm manifest: 
  {
    "dependencies": {
      "vue": "^2.5.0",
      "vue-material": "^1.0.0-beta-12"
    },
    "devDependencies": {
      "babel/core": "^7.9.0",
      "webpack": "^4.43.0",
      "webpack-cli": "^3.3.11",
      "webpack-dev-server": "^3.10.3"
    },
    "devServer": {
      "contentBase": "./dist"
    },
    "scripts": {
      "dev": "webpack --mode development",
      "build": "webpack --mode production",
      "watch": "webpack --watch --mode development",
      "start": "webpack-dev-server --open"
    }
  }

yarn manifest: 
  No manifest

Lockfile: 
  No lockfile
